# Logfile created on 2014-01-07 11:45:49 -0200 by logger.rb/41954
I, [2014-01-07T11:45:49.383584 #26128]  INFO -- : 0:  rake (10.1.0) from /home/tho/.rvm/gems/ruby-2.0.0-p353/specifications/rake-10.1.0.gemspec
I, [2014-01-07T11:45:52.058038 #26128]  INFO -- : 0:  i18n (0.6.4) from /home/tho/.rvm/gems/ruby-2.0.0-p353/specifications/i18n-0.6.4.gemspec
I, [2014-01-07T11:45:55.994244 #26128]  INFO -- : 0:  minitest (4.7.5) from /home/tho/.rvm/gems/ruby-2.0.0-p353/specifications/minitest-4.7.5.gemspec
I, [2014-01-07T11:45:57.997707 #26128]  INFO -- : 0:  multi_json (1.7.7) from /home/tho/.rvm/gems/ruby-2.0.0-p353/specifications/multi_json-1.7.7.gemspec
I, [2014-01-07T11:46:02.732117 #26128]  INFO -- : 0:  atomic (1.1.10) from /home/tho/.rvm/gems/ruby-2.0.0-p353/specifications/atomic-1.1.10.gemspec
I, [2014-01-07T11:46:06.410444 #26128]  INFO -- : 0:  thread_safe (0.1.0) from /home/tho/.rvm/gems/ruby-2.0.0-p353/specifications/thread_safe-0.1.0.gemspec
I, [2014-01-07T11:46:14.115266 #26128]  INFO -- : 0:  tzinfo (0.3.37) from /home/tho/.rvm/gems/ruby-2.0.0-p353/specifications/tzinfo-0.3.37.gemspec
I, [2014-01-07T11:46:18.149763 #26128]  INFO -- : 0:  activesupport (4.0.0) from /home/tho/.rvm/gems/ruby-2.0.0-p353/specifications/activesupport-4.0.0.gemspec
I, [2014-01-07T11:46:20.030064 #26128]  INFO -- : 0:  builder (3.1.4) from /home/tho/.rvm/gems/ruby-2.0.0-p353/specifications/builder-3.1.4.gemspec
I, [2014-01-07T11:46:20.030841 #26128]  INFO -- : 0:  erubis (2.7.0) from /home/tho/.rvm/gems/ruby-2.0.0-p353/specifications/erubis-2.7.0.gemspec
I, [2014-01-07T11:46:20.031460 #26128]  INFO -- : 0:  rack (1.5.2) from /home/tho/.rvm/gems/ruby-2.0.0-p353/specifications/rack-1.5.2.gemspec
I, [2014-01-07T11:46:20.032034 #26128]  INFO -- : 0:  rack-test (0.6.2) from /home/tho/.rvm/gems/ruby-2.0.0-p353/specifications/rack-test-0.6.2.gemspec
I, [2014-01-07T11:46:23.757930 #26128]  INFO -- : 0:  actionpack (4.0.0) from /home/tho/.rvm/gems/ruby-2.0.0-p353/specifications/actionpack-4.0.0.gemspec
I, [2014-01-07T11:46:26.329156 #26128]  INFO -- : 0:  mime-types (1.23) from /home/tho/.rvm/gems/ruby-2.0.0-p353/specifications/mime-types-1.23.gemspec
I, [2014-01-07T11:46:26.329793 #26128]  INFO -- : 0:  polyglot (0.3.3) from /home/tho/.rvm/gems/ruby-2.0.0-p353/specifications/polyglot-0.3.3.gemspec
I, [2014-01-07T11:46:30.265967 #26128]  INFO -- : 0:  treetop (1.4.14) from /home/tho/.rvm/gems/ruby-2.0.0-p353/specifications/treetop-1.4.14.gemspec
I, [2014-01-07T11:46:30.267057 #26128]  INFO -- : 0:  mail (2.5.4) from /home/tho/.rvm/gems/ruby-2.0.0-p353/specifications/mail-2.5.4.gemspec
I, [2014-01-07T11:46:32.068009 #26128]  INFO -- : 0:  actionmailer (4.0.0) from /home/tho/.rvm/gems/ruby-2.0.0-p353/specifications/actionmailer-4.0.0.gemspec
I, [2014-01-07T11:46:34.262991 #26128]  INFO -- : 0:  activemodel (4.0.0) from /home/tho/.rvm/gems/ruby-2.0.0-p353/specifications/activemodel-4.0.0.gemspec
I, [2014-01-07T11:46:36.524502 #26128]  INFO -- : 0:  activerecord-deprecated_finders (1.0.3) from /home/tho/.rvm/gems/ruby-2.0.0-p353/specifications/activerecord-deprecated_finders-1.0.3.gemspec
I, [2014-01-07T11:46:39.124917 #26128]  INFO -- : 0:  arel (4.0.0) from /home/tho/.rvm/gems/ruby-2.0.0-p353/specifications/arel-4.0.0.gemspec
I, [2014-01-07T11:46:42.907653 #26128]  INFO -- : 0:  activerecord (4.0.0) from /home/tho/.rvm/gems/ruby-2.0.0-p353/specifications/activerecord-4.0.0.gemspec
I, [2014-01-07T11:46:49.915157 #26128]  INFO -- : 0:  bcrypt-ruby (3.1.1) from /home/tho/.rvm/gems/ruby-2.0.0-p353/specifications/bcrypt-ruby-3.1.1.gemspec
I, [2014-01-07T11:46:52.446603 #26128]  INFO -- : 0:  coderay (1.0.9) from /home/tho/.rvm/gems/ruby-2.0.0-p353/specifications/coderay-1.0.9.gemspec
I, [2014-01-07T11:46:54.812077 #26128]  INFO -- : 0:  better_errors (0.9.0) from /home/tho/.rvm/gems/ruby-2.0.0-p353/specifications/better_errors-0.9.0.gemspec
I, [2014-01-07T11:46:57.363886 #26128]  INFO -- : 0:  debug_inspector (0.0.2) from /home/tho/.rvm/gems/ruby-2.0.0-p353/specifications/debug_inspector-0.0.2.gemspec
I, [2014-01-07T11:47:00.780832 #26128]  INFO -- : 0:  binding_of_caller (0.7.2) from /home/tho/.rvm/gems/ruby-2.0.0-p353/specifications/binding_of_caller-0.7.2.gemspec
I, [2014-01-07T11:47:00.783317 #26128]  INFO -- : 0:  coffee-script-source (1.6.3) from /home/tho/.rvm/gems/ruby-2.0.0-p353/specifications/coffee-script-source-1.6.3.gemspec
I, [2014-01-07T11:47:02.649483 #26128]  INFO -- : 0:  execjs (1.4.0) from /home/tho/.rvm/gems/ruby-2.0.0-p353/specifications/execjs-1.4.0.gemspec
I, [2014-01-07T11:47:02.651359 #26128]  INFO -- : 0:  coffee-script (2.2.0) from /home/tho/.rvm/gems/ruby-2.0.0-p353/specifications/coffee-script-2.2.0.gemspec
I, [2014-01-07T11:47:02.651987 #26128]  INFO -- : 0:  thor (0.18.1) from /home/tho/.rvm/gems/ruby-2.0.0-p353/specifications/thor-0.18.1.gemspec
I, [2014-01-07T11:47:05.139554 #26128]  INFO -- : 0:  railties (4.0.0) from /home/tho/.rvm/gems/ruby-2.0.0-p353/specifications/railties-4.0.0.gemspec
I, [2014-01-07T11:47:07.230850 #26128]  INFO -- : 0:  coffee-rails (4.0.0) from /home/tho/.rvm/gems/ruby-2.0.0-p353/specifications/coffee-rails-4.0.0.gemspec
I, [2014-01-07T11:47:09.575661 #26128]  INFO -- : 0:  high_voltage (1.2.3) from /home/tho/.rvm/gems/ruby-2.0.0-p353/specifications/high_voltage-1.2.3.gemspec
I, [2014-01-07T11:47:09.576478 #26128]  INFO -- : 0:  hike (1.2.3) from /home/tho/.rvm/gems/ruby-2.0.0-p353/specifications/hike-1.2.3.gemspec
I, [2014-01-07T11:47:11.878903 #26128]  INFO -- : 0:  jbuilder (1.4.2) from /home/tho/.rvm/gems/ruby-2.0.0-p353/specifications/jbuilder-1.4.2.gemspec
I, [2014-01-07T11:47:15.105104 #26128]  INFO -- : 0:  jquery-rails (3.0.2) from /home/tho/.rvm/gems/ruby-2.0.0-p353/specifications/jquery-rails-3.0.2.gemspec
I, [2014-01-07T11:47:19.637831 #26128]  INFO -- : 0:  json (1.8.0) from /home/tho/.rvm/gems/ruby-2.0.0-p353/specifications/json-1.8.0.gemspec
I, [2014-01-07T11:47:21.538225 #26128]  INFO -- : 0:  moped (1.5.0) from /home/tho/.rvm/gems/ruby-2.0.0-p353/specifications/moped-1.5.0.gemspec
I, [2014-01-07T11:47:23.559453 #26128]  INFO -- : 0:  origin (1.1.0) from /home/tho/.rvm/gems/ruby-2.0.0-p353/specifications/origin-1.1.0.gemspec
I, [2014-01-07T11:47:24.493615 #26128]  INFO -- : 0:  mongoid (4.0.0) from /home/tho/.rvm/gems/ruby-2.0.0-p353/bundler/gems/mongoid-a8f66d834dca/mongoid.gemspec
I, [2014-01-07T11:47:28.886372 #26128]  INFO -- : 0:  puma (2.3.2) from /home/tho/.rvm/gems/ruby-2.0.0-p353/specifications/puma-2.3.2.gemspec
I, [2014-01-07T11:47:28.889274 #26128]  INFO -- : 0:  bundler (1.5.1) from /home/tho/.rvm/gems/ruby-2.0.0-p353@global/specifications/bundler-1.5.1.gemspec
I, [2014-01-07T11:47:28.890537 #26128]  INFO -- : 0:  tilt (1.4.1) from /home/tho/.rvm/gems/ruby-2.0.0-p353/specifications/tilt-1.4.1.gemspec
I, [2014-01-07T11:47:31.042645 #26128]  INFO -- : 0:  sprockets (2.10.0) from /home/tho/.rvm/gems/ruby-2.0.0-p353/specifications/sprockets-2.10.0.gemspec
I, [2014-01-07T11:47:32.803009 #26128]  INFO -- : 0:  sprockets-rails (2.0.0) from /home/tho/.rvm/gems/ruby-2.0.0-p353/specifications/sprockets-rails-2.0.0.gemspec
I, [2014-01-07T11:48:01.643178 #26128]  INFO -- : 0:  rails (4.0.0) from /home/tho/.rvm/gems/ruby-2.0.0-p353/specifications/rails-4.0.0.gemspec
I, [2014-01-07T11:48:01.643950 #26128]  INFO -- : 0:  rdoc (3.12.2) from /home/tho/.rvm/gems/ruby-2.0.0-p353/specifications/rdoc-3.12.2.gemspec
I, [2014-01-07T11:48:01.644509 #26128]  INFO -- : 0:  sdoc (0.3.20) from /home/tho/.rvm/gems/ruby-2.0.0-p353/specifications/sdoc-0.3.20.gemspec
I, [2014-01-07T11:48:03.783904 #26128]  INFO -- : 0:  simple_form (1.4.1) from /home/tho/.rvm/gems/ruby-2.0.0-p353/specifications/simple_form-1.4.1.gemspec
I, [2014-01-07T11:48:05.904617 #26128]  INFO -- : 0:  turbolinks (1.2.0) from /home/tho/.rvm/gems/ruby-2.0.0-p353/specifications/turbolinks-1.2.0.gemspec
I, [2014-01-07T11:48:08.001681 #26128]  INFO -- : 0:  uglifier (2.1.1) from /home/tho/.rvm/gems/ruby-2.0.0-p353/specifications/uglifier-2.1.1.gemspec
I, [2014-01-07T13:51:13.100781 #28797]  INFO -- : 0:  rake (10.1.0) from /home/tho/.rvm/gems/ruby-2.0.0-p353/specifications/rake-10.1.0.gemspec
I, [2014-01-07T13:51:13.101648 #28797]  INFO -- : 0:  i18n (0.6.4) from /home/tho/.rvm/gems/ruby-2.0.0-p353/specifications/i18n-0.6.4.gemspec
I, [2014-01-07T13:51:13.102230 #28797]  INFO -- : 0:  minitest (4.7.5) from /home/tho/.rvm/gems/ruby-2.0.0-p353/specifications/minitest-4.7.5.gemspec
I, [2014-01-07T13:51:13.102670 #28797]  INFO -- : 0:  multi_json (1.7.7) from /home/tho/.rvm/gems/ruby-2.0.0-p353/specifications/multi_json-1.7.7.gemspec
I, [2014-01-07T13:51:13.103159 #28797]  INFO -- : 0:  atomic (1.1.10) from /home/tho/.rvm/gems/ruby-2.0.0-p353/specifications/atomic-1.1.10.gemspec
I, [2014-01-07T13:51:13.103948 #28797]  INFO -- : 0:  thread_safe (0.1.0) from /home/tho/.rvm/gems/ruby-2.0.0-p353/specifications/thread_safe-0.1.0.gemspec
I, [2014-01-07T13:51:13.105022 #28797]  INFO -- : 0:  tzinfo (0.3.37) from /home/tho/.rvm/gems/ruby-2.0.0-p353/specifications/tzinfo-0.3.37.gemspec
I, [2014-01-07T13:51:13.105630 #28797]  INFO -- : 0:  activesupport (4.0.0) from /home/tho/.rvm/gems/ruby-2.0.0-p353/specifications/activesupport-4.0.0.gemspec
I, [2014-01-07T13:51:13.106072 #28797]  INFO -- : 0:  builder (3.1.4) from /home/tho/.rvm/gems/ruby-2.0.0-p353/specifications/builder-3.1.4.gemspec
I, [2014-01-07T13:51:13.106457 #28797]  INFO -- : 0:  erubis (2.7.0) from /home/tho/.rvm/gems/ruby-2.0.0-p353/specifications/erubis-2.7.0.gemspec
I, [2014-01-07T13:51:13.106907 #28797]  INFO -- : 0:  rack (1.5.2) from /home/tho/.rvm/gems/ruby-2.0.0-p353/specifications/rack-1.5.2.gemspec
I, [2014-01-07T13:51:13.107333 #28797]  INFO -- : 0:  rack-test (0.6.2) from /home/tho/.rvm/gems/ruby-2.0.0-p353/specifications/rack-test-0.6.2.gemspec
I, [2014-01-07T13:51:13.107720 #28797]  INFO -- : 0:  actionpack (4.0.0) from /home/tho/.rvm/gems/ruby-2.0.0-p353/specifications/actionpack-4.0.0.gemspec
I, [2014-01-07T13:51:13.108144 #28797]  INFO -- : 0:  mime-types (1.23) from /home/tho/.rvm/gems/ruby-2.0.0-p353/specifications/mime-types-1.23.gemspec
I, [2014-01-07T13:51:13.108510 #28797]  INFO -- : 0:  polyglot (0.3.3) from /home/tho/.rvm/gems/ruby-2.0.0-p353/specifications/polyglot-0.3.3.gemspec
I, [2014-01-07T13:51:13.108865 #28797]  INFO -- : 0:  treetop (1.4.14) from /home/tho/.rvm/gems/ruby-2.0.0-p353/specifications/treetop-1.4.14.gemspec
I, [2014-01-07T13:51:13.109272 #28797]  INFO -- : 0:  mail (2.5.4) from /home/tho/.rvm/gems/ruby-2.0.0-p353/specifications/mail-2.5.4.gemspec
I, [2014-01-07T13:51:13.110077 #28797]  INFO -- : 0:  actionmailer (4.0.0) from /home/tho/.rvm/gems/ruby-2.0.0-p353/specifications/actionmailer-4.0.0.gemspec
I, [2014-01-07T13:51:13.110868 #28797]  INFO -- : 0:  activemodel (4.0.0) from /home/tho/.rvm/gems/ruby-2.0.0-p353/specifications/activemodel-4.0.0.gemspec
I, [2014-01-07T13:51:13.111587 #28797]  INFO -- : 0:  activerecord-deprecated_finders (1.0.3) from /home/tho/.rvm/gems/ruby-2.0.0-p353/specifications/activerecord-deprecated_finders-1.0.3.gemspec
I, [2014-01-07T13:51:13.112056 #28797]  INFO -- : 0:  arel (4.0.0) from /home/tho/.rvm/gems/ruby-2.0.0-p353/specifications/arel-4.0.0.gemspec
I, [2014-01-07T13:51:13.112455 #28797]  INFO -- : 0:  activerecord (4.0.0) from /home/tho/.rvm/gems/ruby-2.0.0-p353/specifications/activerecord-4.0.0.gemspec
I, [2014-01-07T13:51:15.254629 #28797]  INFO -- : 0:  addressable (2.3.5) from /home/tho/.rvm/gems/ruby-2.0.0-p353/specifications/addressable-2.3.5.gemspec
I, [2014-01-07T13:51:17.500990 #28797]  INFO -- : 0:  extlib (0.9.16) from /home/tho/.rvm/gems/ruby-2.0.0-p353/specifications/extlib-0.9.16.gemspec
I, [2014-01-07T13:51:19.501457 #28797]  INFO -- : 0:  autoparse (0.3.3) from /home/tho/.rvm/gems/ruby-2.0.0-p353/specifications/autoparse-0.3.3.gemspec
I, [2014-01-07T13:51:19.502151 #28797]  INFO -- : 0:  bcrypt-ruby (3.1.1) from /home/tho/.rvm/gems/ruby-2.0.0-p353/specifications/bcrypt-ruby-3.1.1.gemspec
I, [2014-01-07T13:51:19.502600 #28797]  INFO -- : 0:  coderay (1.0.9) from /home/tho/.rvm/gems/ruby-2.0.0-p353/specifications/coderay-1.0.9.gemspec
I, [2014-01-07T13:51:19.503070 #28797]  INFO -- : 0:  better_errors (0.9.0) from /home/tho/.rvm/gems/ruby-2.0.0-p353/specifications/better_errors-0.9.0.gemspec
I, [2014-01-07T13:51:19.503519 #28797]  INFO -- : 0:  debug_inspector (0.0.2) from /home/tho/.rvm/gems/ruby-2.0.0-p353/specifications/debug_inspector-0.0.2.gemspec
I, [2014-01-07T13:51:19.504041 #28797]  INFO -- : 0:  binding_of_caller (0.7.2) from /home/tho/.rvm/gems/ruby-2.0.0-p353/specifications/binding_of_caller-0.7.2.gemspec
I, [2014-01-07T13:51:19.504458 #28797]  INFO -- : 0:  bundler (1.5.1) from /home/tho/.rvm/gems/ruby-2.0.0-p353@global/specifications/bundler-1.5.1.gemspec
I, [2014-01-07T13:51:19.505548 #28797]  INFO -- : 0:  coffee-script-source (1.6.3) from /home/tho/.rvm/gems/ruby-2.0.0-p353/specifications/coffee-script-source-1.6.3.gemspec
I, [2014-01-07T13:51:19.505989 #28797]  INFO -- : 0:  execjs (1.4.0) from /home/tho/.rvm/gems/ruby-2.0.0-p353/specifications/execjs-1.4.0.gemspec
I, [2014-01-07T13:51:19.506371 #28797]  INFO -- : 0:  coffee-script (2.2.0) from /home/tho/.rvm/gems/ruby-2.0.0-p353/specifications/coffee-script-2.2.0.gemspec
I, [2014-01-07T13:51:19.506746 #28797]  INFO -- : 0:  thor (0.18.1) from /home/tho/.rvm/gems/ruby-2.0.0-p353/specifications/thor-0.18.1.gemspec
I, [2014-01-07T13:51:19.507104 #28797]  INFO -- : 0:  railties (4.0.0) from /home/tho/.rvm/gems/ruby-2.0.0-p353/specifications/railties-4.0.0.gemspec
I, [2014-01-07T13:51:19.507583 #28797]  INFO -- : 0:  coffee-rails (4.0.0) from /home/tho/.rvm/gems/ruby-2.0.0-p353/specifications/coffee-rails-4.0.0.gemspec
I, [2014-01-07T13:51:21.266653 #28797]  INFO -- : 0:  multipart-post (1.2.0) from /home/tho/.rvm/gems/ruby-2.0.0-p353/specifications/multipart-post-1.2.0.gemspec
I, [2014-01-07T13:51:26.693869 #28797]  INFO -- : 0:  faraday (0.8.8) from /home/tho/.rvm/gems/ruby-2.0.0-p353/specifications/faraday-0.8.8.gemspec
I, [2014-01-07T13:51:28.477906 #28797]  INFO -- : 0:  jwt (0.1.8) from /home/tho/.rvm/gems/ruby-2.0.0-p353/specifications/jwt-0.1.8.gemspec
I, [2014-01-07T13:51:30.556664 #28797]  INFO -- : 0:  launchy (2.4.2) from /home/tho/.rvm/gems/ruby-2.0.0-p353/specifications/launchy-2.4.2.gemspec
I, [2014-01-07T13:51:32.693767 #28797]  INFO -- : 0:  signet (0.4.5) from /home/tho/.rvm/gems/ruby-2.0.0-p353/specifications/signet-0.4.5.gemspec
I, [2014-01-07T13:51:34.844475 #28797]  INFO -- : 0:  uuidtools (2.1.4) from /home/tho/.rvm/gems/ruby-2.0.0-p353/specifications/uuidtools-2.1.4.gemspec
I, [2014-01-07T13:51:38.410744 #28797]  INFO -- : 0:  google-api-client (0.6.4) from /home/tho/.rvm/gems/ruby-2.0.0-p353/specifications/google-api-client-0.6.4.gemspec
I, [2014-01-07T13:51:38.413035 #28797]  INFO -- : 0:  high_voltage (1.2.3) from /home/tho/.rvm/gems/ruby-2.0.0-p353/specifications/high_voltage-1.2.3.gemspec
I, [2014-01-07T13:51:38.413889 #28797]  INFO -- : 0:  hike (1.2.3) from /home/tho/.rvm/gems/ruby-2.0.0-p353/specifications/hike-1.2.3.gemspec
I, [2014-01-07T13:51:38.414687 #28797]  INFO -- : 0:  jbuilder (1.4.2) from /home/tho/.rvm/gems/ruby-2.0.0-p353/specifications/jbuilder-1.4.2.gemspec
I, [2014-01-07T13:51:38.415387 #28797]  INFO -- : 0:  jquery-rails (3.0.2) from /home/tho/.rvm/gems/ruby-2.0.0-p353/specifications/jquery-rails-3.0.2.gemspec
I, [2014-01-07T13:51:38.416082 #28797]  INFO -- : 0:  json (1.8.0) from /home/tho/.rvm/gems/ruby-2.0.0-p353/specifications/json-1.8.0.gemspec
I, [2014-01-07T13:51:38.416679 #28797]  INFO -- : 0:  moped (1.5.0) from /home/tho/.rvm/gems/ruby-2.0.0-p353/specifications/moped-1.5.0.gemspec
I, [2014-01-07T13:51:38.417377 #28797]  INFO -- : 0:  origin (1.1.0) from /home/tho/.rvm/gems/ruby-2.0.0-p353/specifications/origin-1.1.0.gemspec
I, [2014-01-07T13:51:39.279997 #28797]  INFO -- : 0:  mongoid (4.0.0) from /home/tho/.rvm/gems/ruby-2.0.0-p353/bundler/gems/mongoid-a8f66d834dca/mongoid.gemspec
I, [2014-01-07T13:51:39.280565 #28797]  INFO -- : 0:  puma (2.3.2) from /home/tho/.rvm/gems/ruby-2.0.0-p353/specifications/puma-2.3.2.gemspec
I, [2014-01-07T13:51:39.280992 #28797]  INFO -- : 0:  tilt (1.4.1) from /home/tho/.rvm/gems/ruby-2.0.0-p353/specifications/tilt-1.4.1.gemspec
I, [2014-01-07T13:51:39.281487 #28797]  INFO -- : 0:  sprockets (2.10.0) from /home/tho/.rvm/gems/ruby-2.0.0-p353/specifications/sprockets-2.10.0.gemspec
I, [2014-01-07T13:51:39.281918 #28797]  INFO -- : 0:  sprockets-rails (2.0.0) from /home/tho/.rvm/gems/ruby-2.0.0-p353/specifications/sprockets-rails-2.0.0.gemspec
I, [2014-01-07T13:51:39.282346 #28797]  INFO -- : 0:  rails (4.0.0) from /home/tho/.rvm/gems/ruby-2.0.0-p353/specifications/rails-4.0.0.gemspec
I, [2014-01-07T13:51:39.282721 #28797]  INFO -- : 0:  rdoc (3.12.2) from /home/tho/.rvm/gems/ruby-2.0.0-p353/specifications/rdoc-3.12.2.gemspec
I, [2014-01-07T13:51:39.283148 #28797]  INFO -- : 0:  sdoc (0.3.20) from /home/tho/.rvm/gems/ruby-2.0.0-p353/specifications/sdoc-0.3.20.gemspec
I, [2014-01-07T13:51:39.283512 #28797]  INFO -- : 0:  simple_form (1.4.1) from /home/tho/.rvm/gems/ruby-2.0.0-p353/specifications/simple_form-1.4.1.gemspec
I, [2014-01-07T13:51:39.283890 #28797]  INFO -- : 0:  turbolinks (1.2.0) from /home/tho/.rvm/gems/ruby-2.0.0-p353/specifications/turbolinks-1.2.0.gemspec
I, [2014-01-07T13:51:39.284298 #28797]  INFO -- : 0:  uglifier (2.1.1) from /home/tho/.rvm/gems/ruby-2.0.0-p353/specifications/uglifier-2.1.1.gemspec
